2014/08/05 2:50:54 にビルドを開始しました。
     1>ノード 2 上のプロジェクト "C:\Users\mexel_000\Documents\Visual Studio 2010\Projects\gq41\GQ41.vcxproj" (build ターゲット)。
     1>InitializeBuildStatus:
         "AlwaysCreate" が指定されたため "Debug\GQ41.unsuccessfulbuild" を作成しています。
       ClCompile:
         c:\Program Files (x86)\Microsoft Visual Studio 10.0\VC\bin\CL.exe /c /ZI /nologo /W3 /WX- /Od /Oy- /D WIN32 /D _DEBUG /D _WINDOWS /D _MBCS /Gm /EHsc /RTC1 /MDd /GS /fp:precise /Zc:wchar_t /Zc:forScope /Fo"Debug\\" /Fd"Debug\vc100.pdb" /Gd /TP /analyze- /errorReport:prompt TestScene.cpp
         TestScene.cpp
         c:\program files (x86)\microsoft sdks\windows\v7.0a\include\dinput.h: DIRECTINPUT_VERSION undefined. Defaulting to version 0x0800
       ManifestResourceCompile:
         すべての出力が最新のものです。
       Link:
         c:\Program Files (x86)\Microsoft Visual Studio 10.0\VC\bin\link.exe /ERRORREPORT:PROMPT /OUT:"C:\Users\mexel_000\Documents\Visual Studio 2010\Projects\gq41\Debug\GQ41.exe" /INCREMENTAL /NOLOGO kernel32.lib user32.lib gdi32.lib winspool.lib comdlg32.lib advapi32.lib shell32.lib ole32.lib oleaut32.lib uuid.lib odbc32.lib odbccp32.lib /MANIFEST /ManifestFile:"Debug\GQ41.exe.intermediate.manifest" /MANIFESTUAC:"level='asInvoker' uiAccess='false'" /DEBUG /PDB:"C:\Users\mexel_000\Documents\Visual Studio 2010\Projects\gq41\Debug\GQ41.pdb" /SUBSYSTEM:WINDOWS /TLBID:1 /DYNAMICBASE /NXCOMPAT /IMPLIB:"C:\Users\mexel_000\Documents\Visual Studio 2010\Projects\gq41\Debug\GQ41.lib" /MACHINE:X86 Debug\GQ41.exe.embed.manifest.res
         Debug\Arrow.obj
         Debug\Billboard.obj
         Debug\Camera.obj
         Debug\CannonBullet.obj
         Debug\Common.obj
         Debug\DebugScene.obj
         Debug\GameScene.obj
         Debug\Grid.obj
         Debug\GroundMesh.obj
         Debug\Input.obj
         Debug\InputKeyboard.obj
         Debug\InputMouse.obj
         Debug\main.obj
         Debug\MeshField.obj
         Debug\Model.obj
         Debug\MultiPlane.obj
         Debug\Particle.obj
         Debug\Plane.obj
         Debug\Player.obj
         Debug\Scene.obj
         Debug\SceneManager.obj
         Debug\ShaderDevise.obj
         Debug\Ship.obj
         Debug\Spara.obj
         Debug\TestScene.obj
         Debug\WaveMesh.obj
         Debug\WaveScene.obj
       Manifest:
         C:\Program Files (x86)\Microsoft SDKs\Windows\v7.0A\bin\mt.exe /nologo /verbose /out:"Debug\GQ41.exe.embed.manifest" /manifest Debug\GQ41.exe.intermediate.manifest
         すべての出力が最新のものです。
       LinkEmbedManifest:
         すべての出力が最新のものです。
         GQ41.vcxproj -> C:\Users\mexel_000\Documents\Visual Studio 2010\Projects\gq41\Debug\GQ41.exe
       FinalizeBuildStatus:
         ファイル "Debug\GQ41.unsuccessfulbuild" を削除しています。
         "Debug\GQ41.lastbuildstate" のタッチ タスクを実行しています。
     1>プロジェクト "C:\Users\mexel_000\Documents\Visual Studio 2010\Projects\gq41\GQ41.vcxproj" (build ターゲット) のビルドが完了しました。

ビルドに成功しました。

経過時間 00:00:01.90
