C:\USERS\MEXEL_000\DOCUMENTS\VISUAL STUDIO 2010\PROJECTS\GQ41\DEBUG\ARROW.OBJ
C:\USERS\MEXEL_000\DOCUMENTS\VISUAL STUDIO 2010\PROJECTS\GQ41\DEBUG\BILLBOARD.OBJ
C:\USERS\MEXEL_000\DOCUMENTS\VISUAL STUDIO 2010\PROJECTS\GQ41\DEBUG\CAMERA.OBJ
C:\Users\mexel_000\Documents\Visual Studio 2010\Projects\gq41\Debug\cl.command.1.tlog
C:\Users\mexel_000\Documents\Visual Studio 2010\Projects\gq41\Debug\CL.read.1.tlog
C:\Users\mexel_000\Documents\Visual Studio 2010\Projects\gq41\Debug\CL.write.1.tlog
C:\USERS\MEXEL_000\DOCUMENTS\VISUAL STUDIO 2010\PROJECTS\GQ41\DEBUG\COMMON.OBJ
C:\USERS\MEXEL_000\DOCUMENTS\VISUAL STUDIO 2010\PROJECTS\GQ41\DEBUG\GAMESCENE.OBJ
C:\USERS\MEXEL_000\DOCUMENTS\VISUAL STUDIO 2010\PROJECTS\GQ41\DEBUG\GQ41.EXE.EMBED.MANIFEST
C:\USERS\MEXEL_000\DOCUMENTS\VISUAL STUDIO 2010\PROJECTS\GQ41\DEBUG\GQ41.EXE.EMBED.MANIFEST.RES
C:\Users\mexel_000\Documents\Visual Studio 2010\Projects\gq41\Debug\GQ41.exe.intermediate.manifest
C:\Users\mexel_000\Documents\Visual Studio 2010\Projects\gq41\Debug\GQ41.pdb
C:\Users\mexel_000\Documents\Visual Studio 2010\Projects\gq41\Debug\GQ41.vcxprojResolveAssemblyReference.cache
C:\Users\mexel_000\Documents\Visual Studio 2010\Projects\gq41\Debug\GQ41.write.1.tlog
C:\Users\mexel_000\Documents\Visual Studio 2010\Projects\gq41\Debug\GQ41_manifest.rc
C:\USERS\MEXEL_000\DOCUMENTS\VISUAL STUDIO 2010\PROJECTS\GQ41\DEBUG\GROUNDMESH.OBJ
C:\USERS\MEXEL_000\DOCUMENTS\VISUAL STUDIO 2010\PROJECTS\GQ41\DEBUG\INPUT.OBJ
C:\USERS\MEXEL_000\DOCUMENTS\VISUAL STUDIO 2010\PROJECTS\GQ41\DEBUG\INPUTKEYBOARD.OBJ
C:\USERS\MEXEL_000\DOCUMENTS\VISUAL STUDIO 2010\PROJECTS\GQ41\DEBUG\INPUTMOUSE.OBJ
C:\Users\mexel_000\Documents\Visual Studio 2010\Projects\gq41\Debug\link.1200.read.1.tlog
C:\Users\mexel_000\Documents\Visual Studio 2010\Projects\gq41\Debug\link.1200.write.1.tlog
C:\Users\mexel_000\Documents\Visual Studio 2010\Projects\gq41\Debug\link.1200-cvtres.read.1.tlog
C:\Users\mexel_000\Documents\Visual Studio 2010\Projects\gq41\Debug\link.1200-cvtres.write.1.tlog
C:\Users\mexel_000\Documents\Visual Studio 2010\Projects\gq41\Debug\link.1556.read.1.tlog
C:\Users\mexel_000\Documents\Visual Studio 2010\Projects\gq41\Debug\link.1556.write.1.tlog
C:\Users\mexel_000\Documents\Visual Studio 2010\Projects\gq41\Debug\link.1556-cvtres.read.1.tlog
C:\Users\mexel_000\Documents\Visual Studio 2010\Projects\gq41\Debug\link.1556-cvtres.write.1.tlog
C:\Users\mexel_000\Documents\Visual Studio 2010\Projects\gq41\Debug\link.1676.read.1.tlog
C:\Users\mexel_000\Documents\Visual Studio 2010\Projects\gq41\Debug\link.1676.write.1.tlog
C:\Users\mexel_000\Documents\Visual Studio 2010\Projects\gq41\Debug\link.1676-cvtres.read.1.tlog
C:\Users\mexel_000\Documents\Visual Studio 2010\Projects\gq41\Debug\link.1676-cvtres.write.1.tlog
C:\Users\mexel_000\Documents\Visual Studio 2010\Projects\gq41\Debug\link.1680.read.1.tlog
C:\Users\mexel_000\Documents\Visual Studio 2010\Projects\gq41\Debug\link.1680.write.1.tlog
C:\Users\mexel_000\Documents\Visual Studio 2010\Projects\gq41\Debug\link.1680-cvtres.read.1.tlog
C:\Users\mexel_000\Documents\Visual Studio 2010\Projects\gq41\Debug\link.1680-cvtres.write.1.tlog
C:\Users\mexel_000\Documents\Visual Studio 2010\Projects\gq41\Debug\link.1724.read.1.tlog
C:\Users\mexel_000\Documents\Visual Studio 2010\Projects\gq41\Debug\link.1724.write.1.tlog
C:\Users\mexel_000\Documents\Visual Studio 2010\Projects\gq41\Debug\link.1724-cvtres.read.1.tlog
C:\Users\mexel_000\Documents\Visual Studio 2010\Projects\gq41\Debug\link.1724-cvtres.write.1.tlog
C:\Users\mexel_000\Documents\Visual Studio 2010\Projects\gq41\Debug\link.1896.read.1.tlog
C:\Users\mexel_000\Documents\Visual Studio 2010\Projects\gq41\Debug\link.1896.write.1.tlog
C:\Users\mexel_000\Documents\Visual Studio 2010\Projects\gq41\Debug\link.1896-cvtres.read.1.tlog
C:\Users\mexel_000\Documents\Visual Studio 2010\Projects\gq41\Debug\link.1896-cvtres.write.1.tlog
C:\Users\mexel_000\Documents\Visual Studio 2010\Projects\gq41\Debug\link.1992.read.1.tlog
C:\Users\mexel_000\Documents\Visual Studio 2010\Projects\gq41\Debug\link.1992.write.1.tlog
C:\Users\mexel_000\Documents\Visual Studio 2010\Projects\gq41\Debug\link.1992-cvtres.read.1.tlog
C:\Users\mexel_000\Documents\Visual Studio 2010\Projects\gq41\Debug\link.1992-cvtres.write.1.tlog
C:\Users\mexel_000\Documents\Visual Studio 2010\Projects\gq41\Debug\link.2024.read.1.tlog
C:\Users\mexel_000\Documents\Visual Studio 2010\Projects\gq41\Debug\link.2024.write.1.tlog
C:\Users\mexel_000\Documents\Visual Studio 2010\Projects\gq41\Debug\link.2024-cvtres.read.1.tlog
C:\Users\mexel_000\Documents\Visual Studio 2010\Projects\gq41\Debug\link.2024-cvtres.write.1.tlog
C:\Users\mexel_000\Documents\Visual Studio 2010\Projects\gq41\Debug\link.2116.read.1.tlog
C:\Users\mexel_000\Documents\Visual Studio 2010\Projects\gq41\Debug\link.2116.write.1.tlog
C:\Users\mexel_000\Documents\Visual Studio 2010\Projects\gq41\Debug\link.2116-cvtres.read.1.tlog
C:\Users\mexel_000\Documents\Visual Studio 2010\Projects\gq41\Debug\link.2116-cvtres.write.1.tlog
C:\Users\mexel_000\Documents\Visual Studio 2010\Projects\gq41\Debug\link.2204.read.1.tlog
C:\Users\mexel_000\Documents\Visual Studio 2010\Projects\gq41\Debug\link.2204.write.1.tlog
C:\Users\mexel_000\Documents\Visual Studio 2010\Projects\gq41\Debug\link.2204-cvtres.read.1.tlog
C:\Users\mexel_000\Documents\Visual Studio 2010\Projects\gq41\Debug\link.2204-cvtres.write.1.tlog
C:\Users\mexel_000\Documents\Visual Studio 2010\Projects\gq41\Debug\link.2212.read.1.tlog
C:\Users\mexel_000\Documents\Visual Studio 2010\Projects\gq41\Debug\link.2212.write.1.tlog
C:\Users\mexel_000\Documents\Visual Studio 2010\Projects\gq41\Debug\link.2212-cvtres.read.1.tlog
C:\Users\mexel_000\Documents\Visual Studio 2010\Projects\gq41\Debug\link.2212-cvtres.write.1.tlog
C:\Users\mexel_000\Documents\Visual Studio 2010\Projects\gq41\Debug\link.2808.read.1.tlog
C:\Users\mexel_000\Documents\Visual Studio 2010\Projects\gq41\Debug\link.2808.write.1.tlog
C:\Users\mexel_000\Documents\Visual Studio 2010\Projects\gq41\Debug\link.2808-cvtres.read.1.tlog
C:\Users\mexel_000\Documents\Visual Studio 2010\Projects\gq41\Debug\link.2808-cvtres.write.1.tlog
C:\Users\mexel_000\Documents\Visual Studio 2010\Projects\gq41\Debug\link.2864.read.1.tlog
C:\Users\mexel_000\Documents\Visual Studio 2010\Projects\gq41\Debug\link.2864.write.1.tlog
C:\Users\mexel_000\Documents\Visual Studio 2010\Projects\gq41\Debug\link.2864-cvtres.read.1.tlog
C:\Users\mexel_000\Documents\Visual Studio 2010\Projects\gq41\Debug\link.2864-cvtres.write.1.tlog
C:\Users\mexel_000\Documents\Visual Studio 2010\Projects\gq41\Debug\link.2928.read.1.tlog
C:\Users\mexel_000\Documents\Visual Studio 2010\Projects\gq41\Debug\link.2928.write.1.tlog
C:\Users\mexel_000\Documents\Visual Studio 2010\Projects\gq41\Debug\link.2928-cvtres.read.1.tlog
C:\Users\mexel_000\Documents\Visual Studio 2010\Projects\gq41\Debug\link.2928-cvtres.write.1.tlog
C:\Users\mexel_000\Documents\Visual Studio 2010\Projects\gq41\Debug\link.3032.read.1.tlog
C:\Users\mexel_000\Documents\Visual Studio 2010\Projects\gq41\Debug\link.3032.write.1.tlog
C:\Users\mexel_000\Documents\Visual Studio 2010\Projects\gq41\Debug\link.3032-cvtres.read.1.tlog
C:\Users\mexel_000\Documents\Visual Studio 2010\Projects\gq41\Debug\link.3032-cvtres.write.1.tlog
C:\Users\mexel_000\Documents\Visual Studio 2010\Projects\gq41\Debug\link.3088.read.1.tlog
C:\Users\mexel_000\Documents\Visual Studio 2010\Projects\gq41\Debug\link.3088.write.1.tlog
C:\Users\mexel_000\Documents\Visual Studio 2010\Projects\gq41\Debug\link.3088-cvtres.read.1.tlog
C:\Users\mexel_000\Documents\Visual Studio 2010\Projects\gq41\Debug\link.3088-cvtres.write.1.tlog
C:\Users\mexel_000\Documents\Visual Studio 2010\Projects\gq41\Debug\link.3120.read.1.tlog
C:\Users\mexel_000\Documents\Visual Studio 2010\Projects\gq41\Debug\link.3120.write.1.tlog
C:\Users\mexel_000\Documents\Visual Studio 2010\Projects\gq41\Debug\link.3120-cvtres.read.1.tlog
C:\Users\mexel_000\Documents\Visual Studio 2010\Projects\gq41\Debug\link.3120-cvtres.write.1.tlog
C:\Users\mexel_000\Documents\Visual Studio 2010\Projects\gq41\Debug\link.3304.read.1.tlog
C:\Users\mexel_000\Documents\Visual Studio 2010\Projects\gq41\Debug\link.3304.write.1.tlog
C:\Users\mexel_000\Documents\Visual Studio 2010\Projects\gq41\Debug\link.3304-cvtres.read.1.tlog
C:\Users\mexel_000\Documents\Visual Studio 2010\Projects\gq41\Debug\link.3304-cvtres.write.1.tlog
C:\Users\mexel_000\Documents\Visual Studio 2010\Projects\gq41\Debug\link.360.read.1.tlog
C:\Users\mexel_000\Documents\Visual Studio 2010\Projects\gq41\Debug\link.360.write.1.tlog
C:\Users\mexel_000\Documents\Visual Studio 2010\Projects\gq41\Debug\link.360-cvtres.read.1.tlog
C:\Users\mexel_000\Documents\Visual Studio 2010\Projects\gq41\Debug\link.360-cvtres.write.1.tlog
C:\Users\mexel_000\Documents\Visual Studio 2010\Projects\gq41\Debug\link.3716.read.1.tlog
C:\Users\mexel_000\Documents\Visual Studio 2010\Projects\gq41\Debug\link.3716.write.1.tlog
C:\Users\mexel_000\Documents\Visual Studio 2010\Projects\gq41\Debug\link.3716-cvtres.read.1.tlog
C:\Users\mexel_000\Documents\Visual Studio 2010\Projects\gq41\Debug\link.3716-cvtres.write.1.tlog
C:\Users\mexel_000\Documents\Visual Studio 2010\Projects\gq41\Debug\link.3760.read.1.tlog
C:\Users\mexel_000\Documents\Visual Studio 2010\Projects\gq41\Debug\link.3760.write.1.tlog
C:\Users\mexel_000\Documents\Visual Studio 2010\Projects\gq41\Debug\link.3760-cvtres.read.1.tlog
C:\Users\mexel_000\Documents\Visual Studio 2010\Projects\gq41\Debug\link.3760-cvtres.write.1.tlog
C:\Users\mexel_000\Documents\Visual Studio 2010\Projects\gq41\Debug\link.3820.read.1.tlog
C:\Users\mexel_000\Documents\Visual Studio 2010\Projects\gq41\Debug\link.3820.write.1.tlog
C:\Users\mexel_000\Documents\Visual Studio 2010\Projects\gq41\Debug\link.3820-cvtres.read.1.tlog
C:\Users\mexel_000\Documents\Visual Studio 2010\Projects\gq41\Debug\link.3820-cvtres.write.1.tlog
C:\Users\mexel_000\Documents\Visual Studio 2010\Projects\gq41\Debug\link.3848.read.1.tlog
C:\Users\mexel_000\Documents\Visual Studio 2010\Projects\gq41\Debug\link.3848.write.1.tlog
C:\Users\mexel_000\Documents\Visual Studio 2010\Projects\gq41\Debug\link.3848-cvtres.read.1.tlog
C:\Users\mexel_000\Documents\Visual Studio 2010\Projects\gq41\Debug\link.3848-cvtres.write.1.tlog
C:\Users\mexel_000\Documents\Visual Studio 2010\Projects\gq41\Debug\link.3872.read.1.tlog
C:\Users\mexel_000\Documents\Visual Studio 2010\Projects\gq41\Debug\link.3872.write.1.tlog
C:\Users\mexel_000\Documents\Visual Studio 2010\Projects\gq41\Debug\link.3872-cvtres.read.1.tlog
C:\Users\mexel_000\Documents\Visual Studio 2010\Projects\gq41\Debug\link.3872-cvtres.write.1.tlog
C:\Users\mexel_000\Documents\Visual Studio 2010\Projects\gq41\Debug\link.3916.read.1.tlog
C:\Users\mexel_000\Documents\Visual Studio 2010\Projects\gq41\Debug\link.3916.write.1.tlog
C:\Users\mexel_000\Documents\Visual Studio 2010\Projects\gq41\Debug\link.3916-cvtres.read.1.tlog
C:\Users\mexel_000\Documents\Visual Studio 2010\Projects\gq41\Debug\link.3916-cvtres.write.1.tlog
C:\Users\mexel_000\Documents\Visual Studio 2010\Projects\gq41\Debug\link.3964.read.1.tlog
C:\Users\mexel_000\Documents\Visual Studio 2010\Projects\gq41\Debug\link.3964.write.1.tlog
C:\Users\mexel_000\Documents\Visual Studio 2010\Projects\gq41\Debug\link.3964-cvtres.read.1.tlog
C:\Users\mexel_000\Documents\Visual Studio 2010\Projects\gq41\Debug\link.3964-cvtres.write.1.tlog
C:\Users\mexel_000\Documents\Visual Studio 2010\Projects\gq41\Debug\link.3976.read.1.tlog
C:\Users\mexel_000\Documents\Visual Studio 2010\Projects\gq41\Debug\link.3976.write.1.tlog
C:\Users\mexel_000\Documents\Visual Studio 2010\Projects\gq41\Debug\link.3976-cvtres.read.1.tlog
C:\Users\mexel_000\Documents\Visual Studio 2010\Projects\gq41\Debug\link.3976-cvtres.write.1.tlog
C:\Users\mexel_000\Documents\Visual Studio 2010\Projects\gq41\Debug\link.4072.read.1.tlog
C:\Users\mexel_000\Documents\Visual Studio 2010\Projects\gq41\Debug\link.4072.write.1.tlog
C:\Users\mexel_000\Documents\Visual Studio 2010\Projects\gq41\Debug\link.4072-cvtres.read.1.tlog
C:\Users\mexel_000\Documents\Visual Studio 2010\Projects\gq41\Debug\link.4072-cvtres.write.1.tlog
C:\Users\mexel_000\Documents\Visual Studio 2010\Projects\gq41\Debug\link.5080.read.1.tlog
C:\Users\mexel_000\Documents\Visual Studio 2010\Projects\gq41\Debug\link.5080.write.1.tlog
C:\Users\mexel_000\Documents\Visual Studio 2010\Projects\gq41\Debug\link.5080-cvtres.read.1.tlog
C:\Users\mexel_000\Documents\Visual Studio 2010\Projects\gq41\Debug\link.5080-cvtres.write.1.tlog
C:\Users\mexel_000\Documents\Visual Studio 2010\Projects\gq41\Debug\link.808.read.1.tlog
C:\Users\mexel_000\Documents\Visual Studio 2010\Projects\gq41\Debug\link.808.write.1.tlog
C:\Users\mexel_000\Documents\Visual Studio 2010\Projects\gq41\Debug\link.808-cvtres.read.1.tlog
C:\Users\mexel_000\Documents\Visual Studio 2010\Projects\gq41\Debug\link.808-cvtres.write.1.tlog
C:\Users\mexel_000\Documents\Visual Studio 2010\Projects\gq41\Debug\link.908.read.1.tlog
C:\Users\mexel_000\Documents\Visual Studio 2010\Projects\gq41\Debug\link.908.write.1.tlog
C:\Users\mexel_000\Documents\Visual Studio 2010\Projects\gq41\Debug\link.908-cvtres.read.1.tlog
C:\Users\mexel_000\Documents\Visual Studio 2010\Projects\gq41\Debug\link.908-cvtres.write.1.tlog
C:\Users\mexel_000\Documents\Visual Studio 2010\Projects\gq41\Debug\link.command.1.tlog
C:\Users\mexel_000\Documents\Visual Studio 2010\Projects\gq41\Debug\link.read.1.tlog
C:\Users\mexel_000\Documents\Visual Studio 2010\Projects\gq41\Debug\link.write.1.tlog
C:\Users\mexel_000\Documents\Visual Studio 2010\Projects\gq41\Debug\link-cvtres.read.1.tlog
C:\Users\mexel_000\Documents\Visual Studio 2010\Projects\gq41\Debug\link-cvtres.write.1.tlog
C:\USERS\MEXEL_000\DOCUMENTS\VISUAL STUDIO 2010\PROJECTS\GQ41\DEBUG\MAIN.OBJ
C:\USERS\MEXEL_000\DOCUMENTS\VISUAL STUDIO 2010\PROJECTS\GQ41\DEBUG\MESHFIELD.OBJ
C:\USERS\MEXEL_000\DOCUMENTS\VISUAL STUDIO 2010\PROJECTS\GQ41\DEBUG\MODEL.OBJ
C:\Users\mexel_000\Documents\Visual Studio 2010\Projects\gq41\Debug\mt.command.1.tlog
C:\Users\mexel_000\Documents\Visual Studio 2010\Projects\gq41\Debug\mt.read.1.tlog
C:\Users\mexel_000\Documents\Visual Studio 2010\Projects\gq41\Debug\mt.write.1.tlog
C:\USERS\MEXEL_000\DOCUMENTS\VISUAL STUDIO 2010\PROJECTS\GQ41\DEBUG\MULTIPLANE.OBJ
C:\USERS\MEXEL_000\DOCUMENTS\VISUAL STUDIO 2010\PROJECTS\GQ41\DEBUG\PARTICLE.OBJ
C:\USERS\MEXEL_000\DOCUMENTS\VISUAL STUDIO 2010\PROJECTS\GQ41\DEBUG\PLANE.OBJ
C:\USERS\MEXEL_000\DOCUMENTS\VISUAL STUDIO 2010\PROJECTS\GQ41\DEBUG\PLAYER.OBJ
C:\Users\mexel_000\Documents\Visual Studio 2010\Projects\gq41\Debug\rc.command.1.tlog
C:\Users\mexel_000\Documents\Visual Studio 2010\Projects\gq41\Debug\rc.read.1.tlog
C:\Users\mexel_000\Documents\Visual Studio 2010\Projects\gq41\Debug\rc.write.1.tlog
C:\USERS\MEXEL_000\DOCUMENTS\VISUAL STUDIO 2010\PROJECTS\GQ41\DEBUG\SCENE.OBJ
C:\USERS\MEXEL_000\DOCUMENTS\VISUAL STUDIO 2010\PROJECTS\GQ41\DEBUG\SHADERDEVISE.OBJ
C:\USERS\MEXEL_000\DOCUMENTS\VISUAL STUDIO 2010\PROJECTS\GQ41\DEBUG\SHIP.OBJ
C:\USERS\MEXEL_000\DOCUMENTS\VISUAL STUDIO 2010\PROJECTS\GQ41\DEBUG\SPARA.OBJ
C:\Users\mexel_000\Documents\Visual Studio 2010\Projects\gq41\Debug\vc100.idb
C:\USERS\MEXEL_000\DOCUMENTS\VISUAL STUDIO 2010\PROJECTS\GQ41\DEBUG\VC100.PDB
C:\USERS\MEXEL_000\DOCUMENTS\VISUAL STUDIO 2010\PROJECTS\GQ41\DEBUG\WAVEMESH.OBJ
C:\USERS\MEXEL_000\DOCUMENTS\VISUAL STUDIO 2010\PROJECTS\GQ41\DEBUG\WAVESCENE.OBJ
